[ERROR] VBAPR:42 - vbapr error log
[ERROR] FailingLog:866 - chart_8: The Original Running of test case does not match the groundtruth file, failed 2but actually 1
[ERROR] VBAPR:42 - vbapr error log
[INFO] FitASim:211 - 1.0,0.9897959183673469
[INFO] FitASim:211 - 2.0,0.9849246231155779
[INFO] FitASim:211 - 2.0,0.9705882352941176
[INFO] FitASim:211 - 2.0,0.9897959183673469
[INFO] FitASim:211 - 2.0,0.9948979591836735
[INFO] FitASim:211 - 1.0,0.9245283018867925
[INFO] FitASim:211 - 1.0,0.53125
[INFO] FitASim:211 - 1.0,0.9948979591836735
[INFO] FitASim:211 - 1.0,0.9705882352941176
[INFO] FitASim:211 - 1.7976931348623157E308,0.9210526315789473
[INFO] FitASim:211 - 2.0,0.9898477157360406
[INFO] FitASim:211 - 1.0,0.8990825688073395
[INFO] FitASim:211 - 1.7976931348623157E308,0.7333333333333333
[INFO] FitASim:211 - 3.0,0.6341463414634146
[INFO] FitASim:211 - 2.0,0.9722222222222222
[INFO] FitASim:211 - 2.0,0.9722222222222222
[INFO] FitASim:211 - 3.0,0.9898477157360406
[INFO] FitASim:211 - 2.0,0.6226415094339622
[INFO] FitASim:211 - 1.7976931348623157E308,0.8333333333333334
[INFO] FitASim:211 - 3.0,0.9705882352941176
[INFO] FitASim:211 - 1.0,0.8888888888888888
[INFO] FitASim:211 - 2.0,0.6226415094339622
[INFO] FitASim:211 - 1.0,0.85
[INFO] FitASim:211 - 1.7976931348623157E308,0.9444444444444444
[INFO] FitASim:211 - 2.0,0.9722222222222222
[INFO] FitASim:211 - 3.0,0.6486486486486487
[INFO] FitASim:211 - 3.0,0.9705882352941176
[INFO] FitASim:211 - 1.7976931348623157E308,0.3050847457627119
[INFO] FitASim:211 - 3.0,0.9948979591836735
[INFO] FitASim:211 - 3.0,0.9411764705882353
[INFO] FitASim:211 - 1.7976931348623157E308,0.8529411764705882
[INFO] FitASim:211 - 1.0,0.9897959183673469
[INFO] FitASim:211 - 2.0,0.9722222222222222
[INFO] FitASim:211 - 2.0,0.9722222222222222
[INFO] FitASim:211 - 1.7976931348623157E308,0.9560975609756097
[INFO] FitASim:211 - 1.7976931348623157E308,0.6792452830188679
[INFO] FitASim:211 - 0.0,0.16666666666666666
[INFO] FitASim:211 - 2.0,0.9722222222222222
[INFO] InfoLog:177 - Time Repair Loop (s): 11951.159
[INFO] InfoLog:179 - generationsexecuted: 1
[INFO] InfoLog:200 - 
 --SOLUTIONS DESCRIPTION--

 ----
ProgramVariant 74
 
time(sec)= 10892
operation: ReplaceExpressionOp
location= org.apache.commons.math3.complex.Complex
line= 305
lineSuspiciousness= 1
original statement= org.apache.commons.math3.complex.Complex.NaN
buggy kind= CtFieldReadImpl|CtReturnImpl
fixed statement= INF
Patch kind= CtVariableReadImpl|CtReturnImpl
generation= 1
ingredientScope= -
validation=|true|0|4949|[]|
diffpatch=--- src/main/java/org/apache/commons/math3/complex/Complex.java
+++ src/main/java/org/apache/commons/math3/complex/Complex.java
@@ -120 +120 @@
-			return org.apache.commons.math3.complex.Complex.NaN;
+			return INF;


diffpatchoriginal=--- src/main/java/org/apache/commons/math3/complex/Complex.java
+++ src/main/java/org/apache/commons/math3/complex/Complex.java
@@ -305 +305 @@
-			return org.apache.commons.math3.complex.Complex.NaN;
+			return INF;



